The system is: Windows - 10.0.22621 - AMD64
Compiling the C compiler identification source file "CMakeCCompilerId.c" succeeded.
Compiler: C:/msys64/mingw64/bin/gcc.exe 
Build flags: 
Id flags:  

The output was:
0


Compilation of the C compiler identification source "CMakeCCompilerId.c" produced "a.exe"

The C compiler identification is GNU, found in "C:/Users/MatthewChang/Desktop/Work/Project/poker/build/CMakeFiles/3.20.21032501-MSVC_2/CompilerIdC/a.exe"

Compiling the CXX compiler identification source file "CMakeCXXCompilerId.cpp" succeeded.
Compiler: C:/msys64/mingw64/bin/g++.exe 
Build flags: 
Id flags:  

The output was:
0


Compilation of the CXX compiler identification source "CMakeCXXCompilerId.cpp" produced "a.exe"

The CXX compiler identification is GNU, found in "C:/Users/MatthewChang/Desktop/Work/Project/poker/build/CMakeFiles/3.20.21032501-MSVC_2/CompilerIdCXX/a.exe"

Determining if the C compiler works passed with the following output:
Change Dir: C:/Users/MatthewChang/Desktop/Work/Project/poker/build/CMakeFiles/CMakeTmp

Run Build Command(s):C:/msys64/mingw64/bin/mingw32-make.exe -f Makefile cmTC_e4bc4/fast && C:/msys64/mingw64/bin/mingw32-make.exe  -f CMakeFiles\cmTC_e4bc4.dir\build.make CMakeFiles/cmTC_e4bc4.dir/build
mingw32-make[1]: Entering directory 'C:/Users/MatthewChang/Desktop/Work/Project/poker/build/CMakeFiles/CMakeTmp'
Building C object CMakeFiles/cmTC_e4bc4.dir/testCCompiler.c.obj
C:\msys64\mingw64\bin\gcc.exe    -o CMakeFiles\cmTC_e4bc4.dir\testCCompiler.c.obj -c C:\Users\MatthewChang\Desktop\Work\Project\poker\build\CMakeFiles\CMakeTmp\testCCompiler.c
Linking C executable cmTC_e4bc4.exe
"C:\Program Files (x86)\Microsoft Visual Studio\2019\BuildTools\Common7\IDE\CommonExtensions\Microsoft\CMake\CMake\bin\cmake.exe" -E cmake_link_script CMakeFiles\cmTC_e4bc4.dir\link.txt --verbose=1
"C:\Program Files (x86)\Microsoft Visual Studio\2019\BuildTools\Common7\IDE\CommonExtensions\Microsoft\CMake\CMake\bin\cmake.exe" -E rm -f CMakeFiles\cmTC_e4bc4.dir/objects.a
C:\msys64\mingw64\bin\ar.exe cr CMakeFiles\cmTC_e4bc4.dir/objects.a @CMakeFiles\cmTC_e4bc4.dir\objects1.rsp
C:\msys64\mingw64\bin\gcc.exe -Wl,--whole-archive CMakeFiles\cmTC_e4bc4.dir/objects.a -Wl,--no-whole-archive -o cmTC_e4bc4.exe -Wl,--out-implib,libcmTC_e4bc4.dll.a -Wl,--major-image-version,0,--minor-image-version,0 @CMakeFiles\cmTC_e4bc4.dir\linklibs.rsp
mingw32-make[1]: Leaving directory 'C:/Users/MatthewChang/Desktop/Work/Project/poker/build/CMakeFiles/CMakeTmp'



Determining if the CXX compiler works passed with the following output:
Change Dir: C:/Users/MatthewChang/Desktop/Work/Project/poker/build/CMakeFiles/CMakeTmp

Run Build Command(s):C:/msys64/mingw64/bin/mingw32-make.exe -f Makefile cmTC_cfb15/fast && C:/msys64/mingw64/bin/mingw32-make.exe  -f CMakeFiles\cmTC_cfb15.dir\build.make CMakeFiles/cmTC_cfb15.dir/build
mingw32-make[1]: Entering directory 'C:/Users/MatthewChang/Desktop/Work/Project/poker/build/CMakeFiles/CMakeTmp'
Building CXX object CMakeFiles/cmTC_cfb15.dir/testCXXCompiler.cxx.obj
C:\msys64\mingw64\bin\g++.exe    -o CMakeFiles\cmTC_cfb15.dir\testCXXCompiler.cxx.obj -c C:\Users\MatthewChang\Desktop\Work\Project\poker\build\CMakeFiles\CMakeTmp\testCXXCompiler.cxx
Linking CXX executable cmTC_cfb15.exe
"C:\Program Files (x86)\Microsoft Visual Studio\2019\BuildTools\Common7\IDE\CommonExtensions\Microsoft\CMake\CMake\bin\cmake.exe" -E cmake_link_script CMakeFiles\cmTC_cfb15.dir\link.txt --verbose=1
"C:\Program Files (x86)\Microsoft Visual Studio\2019\BuildTools\Common7\IDE\CommonExtensions\Microsoft\CMake\CMake\bin\cmake.exe" -E rm -f CMakeFiles\cmTC_cfb15.dir/objects.a
C:\msys64\mingw64\bin\ar.exe cr CMakeFiles\cmTC_cfb15.dir/objects.a @CMakeFiles\cmTC_cfb15.dir\objects1.rsp
C:\msys64\mingw64\bin\g++.exe -Wl,--whole-archive CMakeFiles\cmTC_cfb15.dir/objects.a -Wl,--no-whole-archive -o cmTC_cfb15.exe -Wl,--out-implib,libcmTC_cfb15.dll.a -Wl,--major-image-version,0,--minor-image-version,0 @CMakeFiles\cmTC_cfb15.dir\linklibs.rsp
mingw32-make[1]: Leaving directory 'C:/Users/MatthewChang/Desktop/Work/Project/poker/build/CMakeFiles/CMakeTmp'



